[13:08:36] [Render thread/INFO] [JMLogger] JourneyMap log initialized.
[13:08:36] [Render thread/INFO] [JourneymapClient] initialize ENTER
[13:08:36] [Render thread/INFO] [ClientAPI] [ClientAPI] built with JourneyMap API 1.9-SNAPSHOT
[13:08:36] [Render thread/INFO] [PluginHelper] Initializing plugins with Client API: journeymap.client.api.impl.ClientAPI
[13:08:36] [Render thread/INFO] [PluginHelper] Initialized IClientPlugin: net.blay09.mods.waystones.compat.JourneyMapIntegration
[13:08:36] [Render thread/INFO] [PluginHelper] Initialized IClientPlugin: com.railwayteam.railways.compat.journeymap.RailwayMapPlugin
[13:08:36] [Render thread/WARN] [PropertiesBase] core (Initialized) Bad configField entry during updateFrom(): optionsManagerViewed=null
[13:08:36] [Render thread/INFO] [?] Version: JourneyMap 1.20.1-5.9.21, built with forge 1.20.1-47.2.30
forge: 47.2.0
Environment: os.name, os.arch, java.version, user.country, user.language=null, game language=en_us, locale=en_us
Features: 
	RadarPlayers : singleplayer = true , multiplayer = true
	RadarAnimals : singleplayer = true , multiplayer = true
	RadarMobs : singleplayer = true , multiplayer = true
	RadarVillagers : singleplayer = true , multiplayer = true
	MapTopo : singleplayer = true , multiplayer = true
	MapSurface : singleplayer = true , multiplayer = true
	MapCaves : singleplayer = true , multiplayer = true
	MapBiome : singleplayer = true , multiplayer = true
MiniMapProperties{state=Valid, file=journeymap.minimap.config, configVersion=5.9.21, zoomLevel=0, compassFontScale=1.0, terrainAlpha=100, showEntityNames=true, positionX=0.9, positionY=0.25, effectVertical=false, showPlayerHeading=true, sizePercent=30, playerDisplayScale=1.0, showDayNight=true, showPets=true, preferredMapType=day, showCompass=true, mobDisplay=jm.common.entity_display.dots, systemTimeRealFormat=HH:mm:ss, shape=jm.minimap.shape_circle, showSelf=true, selfDisplayScale=1.0, showGrid=true, reticleOrientation=jm.minimap.orientation.compass, gameTimeRealFormat=HH:mm:ss, effectTranslateX=-87, showWaypoints=true, minimapKeyMovementSpeed=0.001, showAnimals=true, infoSlotAlpha=0.7, effectTranslateY=0, showWaypointLabels=true, moveEffectIcons=true, position=jm.minimap.position_topright, fontScale=1.0, showPlayers=true, waypointIconScale=1.0, frameAlpha=100, effectReversed=false, backgroundAlpha=0.8, enabled=true, showVillagers=true, info2Label=jm.theme.labelsource.gametime, info3Label=jm.theme.labelsource.location, showMobs=true, waypointLabelScale=1.0, showReticle=true, orientation=jm.minimap.orientation.north, info4Label=jm.theme.labelsource.biome, locationFormat=xzyv, playerDisplay=jm.common.entity_display.dots, mobDisplayScale=1.0, showCaves=true, showMobHeading=true, locationFormatVerbose=true, info1Label=jm.theme.labelsource.blank}
MiniMapProperties{state=Valid, file=journeymap.minimap2.config, configVersion=5.9.21, zoomLevel=0, compassFontScale=1.0, terrainAlpha=100, showEntityNames=true, positionX=0.9, positionY=0.25, effectVertical=false, showPlayerHeading=true, sizePercent=30, playerDisplayScale=1.0, showDayNight=true, showPets=true, preferredMapType=day, showCompass=true, mobDisplay=jm.common.entity_display.dots, systemTimeRealFormat=HH:mm:ss, shape=jm.minimap.shape_rectangle, showSelf=true, selfDisplayScale=1.0, showGrid=true, reticleOrientation=jm.minimap.orientation.compass, gameTimeRealFormat=HH:mm:ss, effectTranslateX=0, showWaypoints=true, minimapKeyMovementSpeed=0.001, showAnimals=true, infoSlotAlpha=0.7, effectTranslateY=0, showWaypointLabels=true, moveEffectIcons=true, position=jm.minimap.position_topright, fontScale=1.0, showPlayers=true, waypointIconScale=1.0, frameAlpha=100, effectReversed=false, backgroundAlpha=0.8, enabled=true, showVillagers=true, info2Label=jm.theme.labelsource.gametime, info3Label=jm.theme.labelsource.location, showMobs=true, waypointLabelScale=1.0, showReticle=true, orientation=jm.minimap.orientation.north, info4Label=jm.theme.labelsource.biome, locationFormat=xzyv, playerDisplay=jm.common.entity_display.dots, mobDisplayScale=1.0, showCaves=true, showMobHeading=true, locationFormatVerbose=true, info1Label=jm.theme.labelsource.blank}
FullMapProperties{state=Valid, file=journeymap.fullmap.config, configVersion=5.9.21, zoomLevel=0, showPlayers=true, waypointIconScale=1.0, showEntityNames=true, showPlayerHeading=true, showVillagers=true, showPlayerLoc=true, showKeys=true, playerDisplayScale=1.0, showMobs=true, showPets=true, waypointLabelScale=1.0, preferredMapType=day, mobDisplay=jm.common.entity_display.dots, showSelf=true, locationFormat=xzyv, playerDisplay=jm.common.entity_display.dots, mobDisplayScale=1.0, selfDisplayScale=1.0, showGrid=true, showMouseLoc=true, showWaypoints=true, showCaves=true, showAnimals=true, showMobHeading=true, showWaypointLabels=true, locationFormatVerbose=true, fontScale=1.0}
WaypointProperties{state=Valid, file=journeymap.waypoint.config, configVersion=5.9.21, autoRemoveDeathpointDistance=2, dateFormat=MM-dd-yyyy, autoRemoveDeathpoints=false, fullscreenDoubleClickToCreate=true, managerDimensionFocus=false, minDistance=4, boldLabel=false, textureSmall=true, showDeathpointlabel=true, beaconEnabled=true, createDeathpoints=true, showName=true, disableStrikeThrough=false, maxDistance=0, autoHideLabel=true, autoRemoveTempWaypoints=2, teleportCommand=/tp {name} {x} {y} {z}, showStaticBeam=true, shaderBeacon=false, timeFormat=HH:mm:ss, showDeviationLabel=false, showDistance=true, showRotatingBeam=true, fontScale=2.0, showTexture=true, managerEnabled=true}
WebMapProperties{state=Valid, file=journeymap.webmap.config, configVersion=5.9.21, port=8080, enabled=false}
CoreProperties{state=Valid, file=journeymap.core.config, configVersion=5.9.21, verboseColorPalette=false, maxPlayersData=32, mapSurfaceAboveCaves=true, dataCachingEnabled=true, optionsManagerViewed=null, announceMod=true, colorPassive=#bbbbbb, mapBlendWater=false, renderDistanceSurfaceMax=0, seedId=false, radarVerticalDistance=16, mapBlendGrass=true, recordCacheStats=false, hideSneakingEntities=true, revealShape=jm.minimap.shape_circle, mapBiome=true, alwaysMapSurface=false, colorVillager=#88e188, mapPlants=false, colorPet=#0077ff, radarLateralDistance=64, mapBathymetry=false, mapCrops=true, maxMobsData=32, mapPlantShadows=false, alwaysMapCaves=false, checkUpdates=true, mapBlendFoliage=true, hideSpectators=false, mappingEnabled=true, colorPlayer=#ffffff, tileHighDisplayQuality=true, cacheVillagersData=2200, logLevel=INFO, maxVillagersData=32, mapWaterBiomeColors=false, maxAnimalsData=32, mapTransparency=true, caveBlackAsClear=false, tileRenderType=1, caveIgnoreGlass=true, mapTopography=true, renderDistanceCaveMax=0, mapAntialiasing=true, colorSelf=#0000ff, cachePlayersData=2000, cacheMobsData=3000, cachePlayerData=1000, splashViewed=5.9.21, colorHostile=#ff0000, cacheAnimalsData=3100, themeName=OceanMonument, mapCaveLighting=true, renderDelay=2, glErrorChecking=false, autoMapPoll=2000}
[13:08:36] [Render thread/INFO] [JourneymapClient] initialize EXIT, elapsed count 1 avg 200.99ms
[13:08:43] [Render thread/INFO] [JourneymapClient] Journeymap PostInit
[13:08:43] [Render thread/INFO] [ThemeLoader] Preloaded theme textures: 73
[13:08:43] [Render thread/INFO] [JourneymapClient] postInitialize EXIT, elapsed count 1 avg 189.78ms
[13:09:10] [Server thread/INFO] [ForgeConfig] Loading JourneyMap Forge Configs
[13:09:44] [Render thread/WARN] [PropertiesBase] core (Initialized) Bad configField entry during updateFrom(): optionsManagerViewed=null
[13:09:44] [Render thread/INFO] [ModBlockDelegate] Custom modded block handling enabled for create
[13:09:44] [Render thread/INFO] [WaypointStore] Loaded 0 waypoints from D:\Games\Minecraft\Mods\Instances\Core-The-Fundamentals-modpack\journeymap\data\sp\New World (1)\waypoints
[13:09:44] [Render thread/INFO] [JourneymapClient] Mapping started in D:\Games\Minecraft\Mods\Instances\Core-The-Fundamentals-modpack\journeymap\data\sp\New World (1)\overworld. Memory: 8800MB total, 5305MB free 
[13:10:03] [Render thread/WARN] [JMLogger] Can't get entityTexture for naturalist:textures/entity_icon/bear/bear.png
[13:10:03] [Render thread/WARN] [JMLogger] Can't get entityTexture for ars_nouveau:textures/entity_icon/drygmy_brown.png
[13:10:03] [Render thread/WARN] [JMLogger] Can't get entityTexture for meadow:textures/entity_icon/sheep/inky_sheep.png
[13:10:03] [Render thread/WARN] [JMLogger] Can't get entityTexture for aquaculture:textures/entity_icon/fish/atlantic_herring.png
[13:10:03] [Render thread/WARN] [JMLogger] Can't get entityTexture for aquaculture:textures/entity_icon/fish/jellyfish.png
[13:10:03] [Render thread/WARN] [JMLogger] Can't get entityTexture for aquaculture:textures/entity_icon/fish/smallmouth_bass.png
[13:10:04] [Render thread/INFO] [ChatLog] JourneyMap: Press [J]
[13:10:08] [Render thread/WARN] [JMLogger] Can't get entityTexture for aquaculture:textures/entity_icon/fish/rainbow_trout.png
[13:10:44] [Render thread/WARN] [JMLogger] Can't get entityTexture for bloomingnature:textures/entity_icon/wandering_gardener.png
[13:10:44] [Render thread/WARN] [JMLogger] Can't get entityTexture for aquaculture:textures/entity_icon/fish/perch.png
[13:10:44] [Render thread/WARN] [JMLogger] Can't get entityTexture for aquaculture:textures/entity_icon/fish/minnow.png
[13:10:44] [Render thread/WARN] [JMLogger] Can't get entityTexture for aquaculture:textures/entity_icon/fish/bluegill.png
[13:11:37] [Render thread/WARN] [JMLogger] Can't get entityTexture for aquaculture:textures/entity_icon/fish/brown_trout.png
[13:11:37] [Render thread/WARN] [JMLogger] Can't get entityTexture for aquaculture:textures/entity_icon/fish/atlantic_cod.png
[13:11:37] [Render thread/WARN] [JMLogger] Can't get entityTexture for aquaculture:textures/entity_icon/fish/blackfish.png
[13:12:46] [Render thread/WARN] [JMLogger] Can't get entityTexture for artifacts:textures/entity_icon/mimic.png
[13:13:09] [Render thread/WARN] [JMLogger] Can't get entityTexture for naturalist:textures/entity_icon/snake/rattlesnake.png
[13:13:21] [Render thread/WARN] [JMLogger] Can't get entityTexture for naturalist:textures/entity_icon/butterfly/cabbage_white.png
[13:13:24] [Render thread/WARN] [JMLogger] Can't get entityTexture for bloomingnature:textures/entity_icon/turkey.png
[13:13:31] [Render thread/WARN] [JMLogger] Can't get entityTexture for naturalist:textures/entity_icon/butterfly/swallowtail.png
[13:13:37] [Render thread/WARN] [JMLogger] Can't get entityTexture for naturalist:textures/entity_icon/butterfly/blue_morpho.png
[13:13:40] [Render thread/WARN] [JMLogger] Can't get entityTexture for naturalist:textures/entity_icon/snail/brown.png
[13:13:40] [Render thread/WARN] [JMLogger] Can't get entityTexture for meadow:textures/entity_icon/sheep/patched_sheep.png
[13:13:40] [Render thread/WARN] [JMLogger] Can't get entityTexture for bloomingnature:textures/entity_icon/deer.png
[13:13:40] [Render thread/WARN] [JMLogger] Can't get entityTexture for naturalist:textures/entity_icon/butterfly/clouded_yellow.png
[13:13:40] [Render thread/WARN] [JMLogger] Can't get entityTexture for bloomingnature:textures/entity_icon/raccoon.png
[13:13:50] [Render thread/WARN] [JMLogger] Can't get entityTexture for naturalist:textures/entity_icon/snake/coral_snake.png
[13:13:56] [Render thread/WARN] [JMLogger] Can't get entityTexture for naturalist:textures/entity_icon/duck/duck.png
[13:14:48] [Render thread/WARN] [JMLogger] Can't get entityTexture for naturalist:textures/entity_icon/bird/bluejay.png
[13:14:55] [Render thread/WARN] [JMLogger] Can't get entityTexture for naturalist:textures/entity_icon/butterfly/monarch.png
[13:15:01] [Render thread/WARN] [JMLogger] Can't get entityTexture for ars_nouveau:textures/entity_icon/whirlisprig_summer.png
[13:15:06] [Render thread/WARN] [JMLogger] Can't get entityTexture for naturalist:textures/entity_icon/bird/sparrow.png
[13:15:29] [Render thread/WARN] [JMLogger] Can't get entityTexture for naturalist:textures/entity_icon/bird/robin.png
[13:15:32] [Render thread/WARN] [JMLogger] Can't get entityTexture for naturalist:textures/entity_icon/bear/bear_sleep.png
[13:16:55] [Render thread/WARN] [JMLogger] Can't get entityTexture for naturalist:textures/entity_icon/snake/snake.png
[13:18:04] [Render thread/WARN] [JMLogger] Can't get entityTexture for ars_nouveau:textures/entity_icon/starbuncle_green.png
[13:18:04] [Render thread/WARN] [JMLogger] Can't get entityTexture for ars_nouveau:textures/entity_icon/starbuncle_red.png
[13:18:49] [Render thread/INFO] [JourneymapClient] Mapping halted in D:\Games\Minecraft\Mods\Instances\Core-The-Fundamentals-modpack\journeymap\data\mp\offline\minecraft:overworld
[13:18:49] [JM-task-4/WARN] [TaskBatch] TaskBatch thread interrupted: journeymap.client.task.multi.MapPlayerTask$MapPlayerTaskBatch@71ed3473
[13:18:55] [Server thread/INFO] [ForgeConfig] Loading JourneyMap Forge Configs
